Extracting MNIST_data/train-images-idx3-ubyte.gz
Extracting MNIST_data/train-labels-idx1-ubyte.gz
Extracting MNIST_data/t10k-images-idx3-ubyte.gz
Extracting MNIST_data/t10k-labels-idx1-ubyte.gz
step 0, trainig accuracy 0.1
step 1, trainig accuracy 0.12
step 2, trainig accuracy 0.26
step 3, trainig accuracy 0.18
step 8, trainig accuracy 0.22
step 9, trainig accuracy 0.3
step 10, trainig accuracy 0.16
step 11, trainig accuracy 0.18
step 16, trainig accuracy 0.14
step 17, trainig accuracy 0.22
step 18, trainig accuracy 0.28
step 19, trainig accuracy 0.38
step 24, trainig accuracy 0.54
step 25, trainig accuracy 0.42
step 26, trainig accuracy 0.48
step 27, trainig accuracy 0.52
step 128, trainig accuracy 0.92
step 129, trainig accuracy 0.9
step 130, trainig accuracy 0.86
step 131, trainig accuracy 0.74
step 136, trainig accuracy 0.86
step 137, trainig accuracy 0.88
step 138, trainig accuracy 0.96
step 139, trainig accuracy 0.9
step 144, trainig accuracy 0.82
step 145, trainig accuracy 0.82
step 146, trainig accuracy 0.92
step 147, trainig accuracy 0.86
step 152, trainig accuracy 0.84
step 153, trainig accuracy 0.8
step 154, trainig accuracy 0.94
step 155, trainig accuracy 0.8
step 256, trainig accuracy 0.84
step 257, trainig accuracy 0.96
step 258, trainig accuracy 0.9
step 259, trainig accuracy 0.96
step 264, trainig accuracy 0.94
step 265, trainig accuracy 0.96
step 266, trainig accuracy 0.94
step 267, trainig accuracy 0.94
step 272, trainig accuracy 0.94
step 273, trainig accuracy 0.92
step 274, trainig accuracy 0.88
step 275, trainig accuracy 0.96
step 280, trainig accuracy 0.94
step 281, trainig accuracy 0.9
step 282, trainig accuracy 0.94
step 283, trainig accuracy 0.9
step 384, trainig accuracy 0.94
step 385, trainig accuracy 0.82
step 386, trainig accuracy 0.96
step 387, trainig accuracy 0.94
step 392, trainig accuracy 0.88
step 393, trainig accuracy 0.88
step 394, trainig accuracy 0.86
step 395, trainig accuracy 0.92
step 400, trainig accuracy 0.98
step 401, trainig accuracy 0.92
step 402, trainig accuracy 0.98
step 403, trainig accuracy 0.94
step 408, trainig accuracy 0.98
step 409, trainig accuracy 0.92
step 410, trainig accuracy 0.94
step 411, trainig accuracy 0.94
step 512, trainig accuracy 0.88
step 513, trainig accuracy 0.9
step 514, trainig accuracy 0.96
step 515, trainig accuracy 0.98
step 520, trainig accuracy 0.9
step 521, trainig accuracy 0.96
step 522, trainig accuracy 0.94
step 523, trainig accuracy 0.9
step 528, trainig accuracy 0.9
step 529, trainig accuracy 0.94
step 530, trainig accuracy 0.94
step 531, trainig accuracy 0.96
step 536, trainig accuracy 1
step 537, trainig accuracy 0.94
step 538, trainig accuracy 0.96
step 539, trainig accuracy 0.94
step 640, trainig accuracy 0.9
step 641, trainig accuracy 0.9
step 642, trainig accuracy 0.9
step 643, trainig accuracy 0.96
step 648, trainig accuracy 0.96
step 649, trainig accuracy 0.9
step 650, trainig accuracy 0.88
step 651, trainig accuracy 0.96
step 656, trainig accuracy 0.9
step 657, trainig accuracy 1
step 658, trainig accuracy 0.94
step 659, trainig accuracy 0.98
step 664, trainig accuracy 0.94
step 665, trainig accuracy 0.92
step 666, trainig accuracy 0.94
step 667, trainig accuracy 0.9
step 768, trainig accuracy 0.98
step 769, trainig accuracy 0.94
step 770, trainig accuracy 0.98
step 771, trainig accuracy 0.98
step 776, trainig accuracy 0.96
step 777, trainig accuracy 0.96
step 778, trainig accuracy 0.98
step 779, trainig accuracy 0.94
step 784, trainig accuracy 0.9
step 785, trainig accuracy 0.92
step 786, trainig accuracy 0.94
step 787, trainig accuracy 0.94
step 792, trainig accuracy 1
step 793, trainig accuracy 0.98
step 794, trainig accuracy 0.98
step 795, trainig accuracy 0.94
step 896, trainig accuracy 0.94
step 897, trainig accuracy 0.86
step 898, trainig accuracy 0.96
step 899, trainig accuracy 0.96
step 904, trainig accuracy 0.9
step 905, trainig accuracy 0.98
step 906, trainig accuracy 0.9
step 907, trainig accuracy 0.88
step 912, trainig accuracy 0.94
step 913, trainig accuracy 0.96
step 914, trainig accuracy 0.96
step 915, trainig accuracy 0.98
step 920, trainig accuracy 0.98
step 921, trainig accuracy 1
step 922, trainig accuracy 0.98
step 923, trainig accuracy 0.92
step 1024, trainig accuracy 0.94
step 1025, trainig accuracy 0.94
step 1026, trainig accuracy 1
step 1027, trainig accuracy 0.98
step 1032, trainig accuracy 0.96
step 1033, trainig accuracy 0.94
step 1034, trainig accuracy 1
step 1035, trainig accuracy 0.98
step 1040, trainig accuracy 0.94
step 1041, trainig accuracy 0.96
step 1042, trainig accuracy 0.98
step 1043, trainig accuracy 1
step 1048, trainig accuracy 0.98
step 1049, trainig accuracy 0.94
step 1050, trainig accuracy 0.92
step 1051, trainig accuracy 0.96
step 1152, trainig accuracy 0.98
step 1153, trainig accuracy 0.98
step 1154, trainig accuracy 0.96
step 1155, trainig accuracy 0.96
step 1160, trainig accuracy 0.92
step 1161, trainig accuracy 0.98
step 1162, trainig accuracy 1
step 1163, trainig accuracy 1
step 1168, trainig accuracy 0.96
step 1169, trainig accuracy 0.98
step 1170, trainig accuracy 1
step 1171, trainig accuracy 1
step 1176, trainig accuracy 0.98
step 1177, trainig accuracy 1
step 1178, trainig accuracy 0.98
step 1179, trainig accuracy 0.94
step 1280, trainig accuracy 0.98
step 1281, trainig accuracy 0.96
step 1282, trainig accuracy 1
step 1283, trainig accuracy 0.96
step 1288, trainig accuracy 0.98
step 1289, trainig accuracy 0.92
step 1290, trainig accuracy 1
step 1291, trainig accuracy 0.94
step 1296, trainig accuracy 0.96
step 1297, trainig accuracy 0.96
step 1298, trainig accuracy 0.98
step 1299, trainig accuracy 0.98
step 1304, trainig accuracy 0.96
step 1305, trainig accuracy 0.98
step 1306, trainig accuracy 0.98
step 1307, trainig accuracy 0.94
step 1408, trainig accuracy 0.98
step 1409, trainig accuracy 1
step 1410, trainig accuracy 0.98
step 1411, trainig accuracy 1
step 1416, trainig accuracy 0.98
step 1417, trainig accuracy 0.96
step 1418, trainig accuracy 0.98
step 1419, trainig accuracy 1
step 1424, trainig accuracy 0.96
step 1425, trainig accuracy 0.94
step 1426, trainig accuracy 0.96
step 1427, trainig accuracy 0.96
step 1432, trainig accuracy 1
step 1433, trainig accuracy 0.98
step 1434, trainig accuracy 1
step 1435, trainig accuracy 1
step 1536, trainig accuracy 0.98
step 1537, trainig accuracy 0.96
step 1538, trainig accuracy 0.98
step 1539, trainig accuracy 0.98
step 1544, trainig accuracy 1
step 1545, trainig accuracy 0.94
step 1546, trainig accuracy 1
step 1547, trainig accuracy 1
step 1552, trainig accuracy 0.96
step 1553, trainig accuracy 1
step 1554, trainig accuracy 0.98
step 1555, trainig accuracy 0.98
step 1560, trainig accuracy 1
step 1561, trainig accuracy 0.96
step 1562, trainig accuracy 1
step 1563, trainig accuracy 0.98
step 1664, trainig accuracy 0.96
step 1665, trainig accuracy 1
step 1666, trainig accuracy 0.94
step 1667, trainig accuracy 1
step 1672, trainig accuracy 0.98
step 1673, trainig accuracy 0.98
step 1674, trainig accuracy 0.98
step 1675, trainig accuracy 0.96
step 1680, trainig accuracy 0.94
step 1681, trainig accuracy 0.98
step 1682, trainig accuracy 0.96
step 1683, trainig accuracy 0.98
step 1688, trainig accuracy 0.98
step 1689, trainig accuracy 0.98
step 1690, trainig accuracy 0.98
step 1691, trainig accuracy 0.96
step 1792, trainig accuracy 0.98
step 1793, trainig accuracy 0.98
step 1794, trainig accuracy 0.96
step 1795, trainig accuracy 0.98
step 1800, trainig accuracy 0.98
step 1801, trainig accuracy 0.98
step 1802, trainig accuracy 0.94
step 1803, trainig accuracy 1
step 1808, trainig accuracy 0.98
step 1809, trainig accuracy 0.96
step 1810, trainig accuracy 0.98
step 1811, trainig accuracy 1
step 1816, trainig accuracy 1
step 1817, trainig accuracy 0.96
step 1818, trainig accuracy 1
step 1819, trainig accuracy 1
step 1920, trainig accuracy 0.92
step 1921, trainig accuracy 0.98
step 1922, trainig accuracy 1
step 1923, trainig accuracy 1
step 1928, trainig accuracy 0.96
step 1929, trainig accuracy 0.92
step 1930, trainig accuracy 0.96
step 1931, trainig accuracy 1
step 1936, trainig accuracy 0.98
step 1937, trainig accuracy 1
step 1938, trainig accuracy 0.96
step 1939, trainig accuracy 1
step 1944, trainig accuracy 0.98
step 1945, trainig accuracy 0.98
step 1946, trainig accuracy 0.96
step 1947, trainig accuracy 1
step 2048, trainig accuracy 0.98
step 2049, trainig accuracy 0.98
step 2050, trainig accuracy 1
step 2051, trainig accuracy 0.94
step 2056, trainig accuracy 1
step 2057, trainig accuracy 0.94
step 2058, trainig accuracy 1
step 2059, trainig accuracy 0.98
step 2064, trainig accuracy 0.92
step 2065, trainig accuracy 0.96
step 2066, trainig accuracy 0.98
step 2067, trainig accuracy 1
step 2072, trainig accuracy 1
step 2073, trainig accuracy 0.96
step 2074, trainig accuracy 0.98
step 2075, trainig accuracy 1
step 2176, trainig accuracy 1
step 2177, trainig accuracy 1
step 2178, trainig accuracy 0.96
step 2179, trainig accuracy 0.96
step 2184, trainig accuracy 0.96
step 2185, trainig accuracy 0.98
step 2186, trainig accuracy 0.98
step 2187, trainig accuracy 0.98
step 2192, trainig accuracy 0.98
step 2193, trainig accuracy 0.96
step 2194, trainig accuracy 0.98
step 2195, trainig accuracy 0.94
step 2200, trainig accuracy 0.98
step 2201, trainig accuracy 0.98
step 2202, trainig accuracy 0.94
step 2203, trainig accuracy 0.98
step 2304, trainig accuracy 0.94
step 2305, trainig accuracy 1
step 2306, trainig accuracy 0.96
step 2307, trainig accuracy 0.96
step 2312, trainig accuracy 0.98
step 2313, trainig accuracy 0.98
step 2314, trainig accuracy 1
step 2315, trainig accuracy 1
step 2320, trainig accuracy 0.94
step 2321, trainig accuracy 1
step 2322, trainig accuracy 1
step 2323, trainig accuracy 0.98
step 2328, trainig accuracy 0.98
step 2329, trainig accuracy 1
step 2330, trainig accuracy 0.98
step 2331, trainig accuracy 1
step 2432, trainig accuracy 1
step 2433, trainig accuracy 1
step 2434, trainig accuracy 0.94
step 2435, trainig accuracy 0.98
step 2440, trainig accuracy 1
step 2441, trainig accuracy 0.98
step 2442, trainig accuracy 0.94
step 2443, trainig accuracy 0.96
step 2448, trainig accuracy 0.96
step 2449, trainig accuracy 1
step 2450, trainig accuracy 0.96
step 2451, trainig accuracy 0.98
step 2456, trainig accuracy 0.96
step 2457, trainig accuracy 0.98
step 2458, trainig accuracy 1
step 2459, trainig accuracy 0.98
step 2560, trainig accuracy 0.94
step 2561, trainig accuracy 1
step 2562, trainig accuracy 0.98
step 2563, trainig accuracy 0.96
step 2568, trainig accuracy 1
step 2569, trainig accuracy 0.96
step 2570, trainig accuracy 1
step 2571, trainig accuracy 0.94
step 2576, trainig accuracy 0.98
step 2577, trainig accuracy 0.98
step 2578, trainig accuracy 0.98
step 2579, trainig accuracy 0.98
step 2584, trainig accuracy 0.98
step 2585, trainig accuracy 0.98
step 2586, trainig accuracy 1
step 2587, trainig accuracy 1
step 2688, trainig accuracy 1
step 2689, trainig accuracy 0.98
step 2690, trainig accuracy 0.98
step 2691, trainig accuracy 0.96
step 2696, trainig accuracy 1
step 2697, trainig accuracy 0.96
step 2698, trainig accuracy 0.98
step 2699, trainig accuracy 1
step 2704, trainig accuracy 1
step 2705, trainig accuracy 0.98
step 2706, trainig accuracy 1
step 2707, trainig accuracy 0.94
step 2712, trainig accuracy 0.96
step 2713, trainig accuracy 0.94
step 2714, trainig accuracy 0.98
step 2715, trainig accuracy 0.98
step 2816, trainig accuracy 0.94
step 2817, trainig accuracy 0.98
step 2818, trainig accuracy 1
step 2819, trainig accuracy 1
step 2824, trainig accuracy 0.98
step 2825, trainig accuracy 0.96
step 2826, trainig accuracy 1
step 2827, trainig accuracy 1
step 2832, trainig accuracy 1
step 2833, trainig accuracy 1
step 2834, trainig accuracy 1
step 2835, trainig accuracy 0.98
step 2840, trainig accuracy 0.96
step 2841, trainig accuracy 1
step 2842, trainig accuracy 0.94
step 2843, trainig accuracy 0.96
step 2944, trainig accuracy 0.98
step 2945, trainig accuracy 1
step 2946, trainig accuracy 0.94
step 2947, trainig accuracy 1
step 2952, trainig accuracy 0.98
step 2953, trainig accuracy 1
step 2954, trainig accuracy 1
step 2955, trainig accuracy 0.98
step 2960, trainig accuracy 1
step 2961, trainig accuracy 1
step 2962, trainig accuracy 1
step 2963, trainig accuracy 0.98
step 2968, trainig accuracy 1
step 2969, trainig accuracy 1
step 2970, trainig accuracy 1
step 2971, trainig accuracy 0.98
step 3072, trainig accuracy 0.98
step 3073, trainig accuracy 0.96
step 3074, trainig accuracy 1
step 3075, trainig accuracy 1
step 3080, trainig accuracy 0.98
step 3081, trainig accuracy 1
step 3082, trainig accuracy 1
step 3083, trainig accuracy 0.94
step 3088, trainig accuracy 0.98
step 3089, trainig accuracy 0.94
step 3090, trainig accuracy 1
step 3091, trainig accuracy 0.94
step 3096, trainig accuracy 1
step 3097, trainig accuracy 0.98
step 3098, trainig accuracy 0.96
step 3099, trainig accuracy 0.94
step 3200, trainig accuracy 0.98
step 3201, trainig accuracy 0.96
step 3202, trainig accuracy 0.98
step 3203, trainig accuracy 1
step 3208, trainig accuracy 0.96
step 3209, trainig accuracy 0.94
step 3210, trainig accuracy 1
step 3211, trainig accuracy 1
step 3216, trainig accuracy 1
step 3217, trainig accuracy 0.96
step 3218, trainig accuracy 0.96
step 3219, trainig accuracy 1
step 3224, trainig accuracy 0.98
step 3225, trainig accuracy 1
step 3226, trainig accuracy 0.94
step 3227, trainig accuracy 0.98
step 3328, trainig accuracy 0.96
step 3329, trainig accuracy 1
step 3330, trainig accuracy 1
step 3331, trainig accuracy 0.98
step 3336, trainig accuracy 1
step 3337, trainig accuracy 1
step 3338, trainig accuracy 0.9
step 3339, trainig accuracy 0.98
step 3344, trainig accuracy 1
step 3345, trainig accuracy 0.98
step 3346, trainig accuracy 1
step 3347, trainig accuracy 0.98
step 3352, trainig accuracy 1
step 3353, trainig accuracy 1
step 3354, trainig accuracy 0.98
step 3355, trainig accuracy 1
step 3456, trainig accuracy 1
step 3457, trainig accuracy 1
step 3458, trainig accuracy 1
step 3459, trainig accuracy 0.96
step 3464, trainig accuracy 0.98
step 3465, trainig accuracy 1
step 3466, trainig accuracy 0.98
step 3467, trainig accuracy 0.98
step 3472, trainig accuracy 1
step 3473, trainig accuracy 0.96
step 3474, trainig accuracy 0.98
step 3475, trainig accuracy 0.98
step 3480, trainig accuracy 1
step 3481, trainig accuracy 0.98
step 3482, trainig accuracy 1
step 3483, trainig accuracy 1
step 3584, trainig accuracy 0.98
step 3585, trainig accuracy 0.98
step 3586, trainig accuracy 1
step 3587, trainig accuracy 0.96
step 3592, trainig accuracy 0.96
step 3593, trainig accuracy 0.98
step 3594, trainig accuracy 1
step 3595, trainig accuracy 0.98
step 3600, trainig accuracy 1
step 3601, trainig accuracy 0.96
step 3602, trainig accuracy 1
step 3603, trainig accuracy 0.98
step 3608, trainig accuracy 0.98
step 3609, trainig accuracy 1
step 3610, trainig accuracy 0.98
step 3611, trainig accuracy 0.96
step 3712, trainig accuracy 0.94
step 3713, trainig accuracy 1
step 3714, trainig accuracy 1
step 3715, trainig accuracy 0.96
step 3720, trainig accuracy 0.98
step 3721, trainig accuracy 0.96
step 3722, trainig accuracy 1
step 3723, trainig accuracy 0.98
step 3728, trainig accuracy 1
step 3729, trainig accuracy 1
step 3730, trainig accuracy 0.98
step 3731, trainig accuracy 1
step 3736, trainig accuracy 0.98
step 3737, trainig accuracy 0.96
step 3738, trainig accuracy 1
step 3739, trainig accuracy 0.98
step 3840, trainig accuracy 1
step 3841, trainig accuracy 1
step 3842, trainig accuracy 1
step 3843, trainig accuracy 1
step 3848, trainig accuracy 0.98
step 3849, trainig accuracy 0.98
step 3850, trainig accuracy 0.96
step 3851, trainig accuracy 0.96
step 3856, trainig accuracy 1
step 3857, trainig accuracy 0.98
step 3858, trainig accuracy 0.96
step 3859, trainig accuracy 0.96
step 3864, trainig accuracy 0.98
step 3865, trainig accuracy 1
step 3866, trainig accuracy 0.94
step 3867, trainig accuracy 1
step 3968, trainig accuracy 0.96
step 3969, trainig accuracy 0.96
step 3970, trainig accuracy 1
step 3971, trainig accuracy 1
step 3976, trainig accuracy 1
step 3977, trainig accuracy 0.98
step 3978, trainig accuracy 0.98
step 3979, trainig accuracy 0.98
step 3984, trainig accuracy 0.98
step 3985, trainig accuracy 1
step 3986, trainig accuracy 1
step 3987, trainig accuracy 0.98
step 3992, trainig accuracy 1
step 3993, trainig accuracy 0.98
step 3994, trainig accuracy 0.98
step 3995, trainig accuracy 0.98
step 4096, trainig accuracy 0.98
step 4097, trainig accuracy 0.96
step 4098, trainig accuracy 1
step 4099, trainig accuracy 1
step 4104, trainig accuracy 1
step 4105, trainig accuracy 1
step 4106, trainig accuracy 1
step 4107, trainig accuracy 0.98
step 4112, trainig accuracy 0.98
step 4113, trainig accuracy 1
step 4114, trainig accuracy 0.98
step 4115, trainig accuracy 1
step 4120, trainig accuracy 0.96
step 4121, trainig accuracy 1
step 4122, trainig accuracy 1
step 4123, trainig accuracy 1
step 4224, trainig accuracy 0.98
step 4225, trainig accuracy 0.98
step 4226, trainig accuracy 1
step 4227, trainig accuracy 0.94
step 4232, trainig accuracy 1
step 4233, trainig accuracy 1
step 4234, trainig accuracy 0.98
step 4235, trainig accuracy 0.98
step 4240, trainig accuracy 0.98
step 4241, trainig accuracy 0.96
step 4242, trainig accuracy 1
step 4243, trainig accuracy 1
step 4248, trainig accuracy 0.98
step 4249, trainig accuracy 1
step 4250, trainig accuracy 1
step 4251, trainig accuracy 1
step 4352, trainig accuracy 0.98
step 4353, trainig accuracy 0.96
step 4354, trainig accuracy 0.98
step 4355, trainig accuracy 0.96
step 4360, trainig accuracy 1
step 4361, trainig accuracy 0.94
step 4362, trainig accuracy 1
step 4363, trainig accuracy 0.96
step 4368, trainig accuracy 1
step 4369, trainig accuracy 0.98
step 4370, trainig accuracy 1
step 4371, trainig accuracy 0.98
step 4376, trainig accuracy 1
step 4377, trainig accuracy 0.98
step 4378, trainig accuracy 1
step 4379, trainig accuracy 0.98
step 4480, trainig accuracy 0.98
step 4481, trainig accuracy 0.98
step 4482, trainig accuracy 0.98
step 4483, trainig accuracy 1
step 4488, trainig accuracy 0.96
step 4489, trainig accuracy 1
step 4490, trainig accuracy 0.96
step 4491, trainig accuracy 0.98
step 4496, trainig accuracy 1
step 4497, trainig accuracy 1
step 4498, trainig accuracy 0.96
step 4499, trainig accuracy 1
step 4504, trainig accuracy 1
step 4505, trainig accuracy 1
step 4506, trainig accuracy 1
step 4507, trainig accuracy 1
step 4608, trainig accuracy 0.98
step 4609, trainig accuracy 1
step 4610, trainig accuracy 0.98
step 4611, trainig accuracy 0.98
step 4616, trainig accuracy 0.98
step 4617, trainig accuracy 1
step 4618, trainig accuracy 0.98
step 4619, trainig accuracy 1
step 4624, trainig accuracy 1
step 4625, trainig accuracy 1
step 4626, trainig accuracy 0.94
step 4627, trainig accuracy 1
step 4632, trainig accuracy 0.98
step 4633, trainig accuracy 1
step 4634, trainig accuracy 1
step 4635, trainig accuracy 0.98
step 4736, trainig accuracy 1
step 4737, trainig accuracy 1
step 4738, trainig accuracy 1
step 4739, trainig accuracy 1
step 4744, trainig accuracy 1
step 4745, trainig accuracy 0.98
step 4746, trainig accuracy 0.98
step 4747, trainig accuracy 0.98
step 4752, trainig accuracy 1
step 4753, trainig accuracy 1
step 4754, trainig accuracy 1
step 4755, trainig accuracy 0.96
step 4760, trainig accuracy 0.98
step 4761, trainig accuracy 0.96
step 4762, trainig accuracy 0.96
step 4763, trainig accuracy 1
step 4864, trainig accuracy 1
step 4865, trainig accuracy 0.96
step 4866, trainig accuracy 0.98
step 4867, trainig accuracy 0.94
step 4872, trainig accuracy 0.98
step 4873, trainig accuracy 1
step 4874, trainig accuracy 0.98
step 4875, trainig accuracy 1
step 4880, trainig accuracy 0.98
step 4881, trainig accuracy 0.98
step 4882, trainig accuracy 0.98
step 4883, trainig accuracy 1
step 4888, trainig accuracy 0.96
step 4889, trainig accuracy 1
step 4890, trainig accuracy 1
step 4891, trainig accuracy 0.98
step 4992, trainig accuracy 0.98
step 4993, trainig accuracy 0.98
step 4994, trainig accuracy 1
step 4995, trainig accuracy 0.96
step 5000, trainig accuracy 1
step 5001, trainig accuracy 0.98
step 5002, trainig accuracy 1
step 5003, trainig accuracy 0.98
step 5008, trainig accuracy 0.98
step 5009, trainig accuracy 1
step 5010, trainig accuracy 0.98
step 5011, trainig accuracy 1
step 5016, trainig accuracy 1
step 5017, trainig accuracy 1
step 5018, trainig accuracy 1
step 5019, trainig accuracy 1
step 5120, trainig accuracy 1
step 5121, trainig accuracy 1
step 5122, trainig accuracy 0.98
step 5123, trainig accuracy 1
step 5128, trainig accuracy 0.98
step 5129, trainig accuracy 1
step 5130, trainig accuracy 0.98
step 5131, trainig accuracy 0.98
step 5136, trainig accuracy 1
step 5137, trainig accuracy 1
step 5138, trainig accuracy 1
step 5139, trainig accuracy 1
step 5144, trainig accuracy 0.98
step 5145, trainig accuracy 1
step 5146, trainig accuracy 1
step 5147, trainig accuracy 0.98
step 5248, trainig accuracy 0.98
step 5249, trainig accuracy 0.96
step 5250, trainig accuracy 0.96
step 5251, trainig accuracy 1
step 5256, trainig accuracy 0.98
step 5257, trainig accuracy 0.98
step 5258, trainig accuracy 1
step 5259, trainig accuracy 0.98
step 5264, trainig accuracy 0.96
step 5265, trainig accuracy 1
step 5266, trainig accuracy 1
step 5267, trainig accuracy 1
step 5272, trainig accuracy 1
step 5273, trainig accuracy 0.98
step 5274, trainig accuracy 0.98
step 5275, trainig accuracy 0.98
step 5376, trainig accuracy 1
step 5377, trainig accuracy 1
step 5378, trainig accuracy 1
step 5379, trainig accuracy 0.98
step 5384, trainig accuracy 1
step 5385, trainig accuracy 0.96
step 5386, trainig accuracy 1
step 5387, trainig accuracy 1
step 5392, trainig accuracy 1
step 5393, trainig accuracy 0.98
step 5394, trainig accuracy 1
step 5395, trainig accuracy 1
step 5400, trainig accuracy 1
step 5401, trainig accuracy 0.96
step 5402, trainig accuracy 0.96
step 5403, trainig accuracy 1
step 5504, trainig accuracy 1
step 5505, trainig accuracy 1
step 5506, trainig accuracy 0.98
step 5507, trainig accuracy 1
step 5512, trainig accuracy 0.96
step 5513, trainig accuracy 0.96
step 5514, trainig accuracy 0.98
step 5515, trainig accuracy 1
step 5520, trainig accuracy 1
step 5521, trainig accuracy 0.96
step 5522, trainig accuracy 1
step 5523, trainig accuracy 1
step 5528, trainig accuracy 1
step 5529, trainig accuracy 1
step 5530, trainig accuracy 0.98
step 5531, trainig accuracy 0.98
step 5632, trainig accuracy 0.98
step 5633, trainig accuracy 1
step 5634, trainig accuracy 1
step 5635, trainig accuracy 0.98
step 5640, trainig accuracy 0.98
step 5641, trainig accuracy 1
step 5642, trainig accuracy 1
step 5643, trainig accuracy 1
step 5648, trainig accuracy 1
step 5649, trainig accuracy 1
step 5650, trainig accuracy 1
step 5651, trainig accuracy 1
step 5656, trainig accuracy 1
step 5657, trainig accuracy 1
step 5658, trainig accuracy 1
step 5659, trainig accuracy 1
step 5760, trainig accuracy 0.98
step 5761, trainig accuracy 0.98
step 5762, trainig accuracy 1
step 5763, trainig accuracy 1
step 5768, trainig accuracy 1
step 5769, trainig accuracy 1
step 5770, trainig accuracy 1
step 5771, trainig accuracy 1
step 5776, trainig accuracy 1
step 5777, trainig accuracy 1
step 5778, trainig accuracy 0.98
step 5779, trainig accuracy 0.98
step 5784, trainig accuracy 1
step 5785, trainig accuracy 1
step 5786, trainig accuracy 1
step 5787, trainig accuracy 0.98
step 5888, trainig accuracy 0.98
step 5889, trainig accuracy 0.98
step 5890, trainig accuracy 1
step 5891, trainig accuracy 1
step 5896, trainig accuracy 0.96
step 5897, trainig accuracy 1
step 5898, trainig accuracy 1
step 5899, trainig accuracy 1
step 5904, trainig accuracy 1
step 5905, trainig accuracy 1
step 5906, trainig accuracy 0.94
step 5907, trainig accuracy 0.94
step 5912, trainig accuracy 1
step 5913, trainig accuracy 0.98
step 5914, trainig accuracy 1
step 5915, trainig accuracy 1
step 6016, trainig accuracy 1
step 6017, trainig accuracy 0.98
step 6018, trainig accuracy 0.98
step 6019, trainig accuracy 1
step 6024, trainig accuracy 0.98
step 6025, trainig accuracy 0.98
step 6026, trainig accuracy 1
step 6027, trainig accuracy 1
step 6032, trainig accuracy 1
step 6033, trainig accuracy 0.98
step 6034, trainig accuracy 1
step 6035, trainig accuracy 0.98
step 6040, trainig accuracy 1
step 6041, trainig accuracy 1
step 6042, trainig accuracy 1
step 6043, trainig accuracy 1
step 6144, trainig accuracy 0.98
step 6145, trainig accuracy 1
step 6146, trainig accuracy 0.98
step 6147, trainig accuracy 1
step 6152, trainig accuracy 1
step 6153, trainig accuracy 1
step 6154, trainig accuracy 1
step 6155, trainig accuracy 0.98
step 6160, trainig accuracy 0.98
step 6161, trainig accuracy 0.98
step 6162, trainig accuracy 1
step 6163, trainig accuracy 1
step 6168, trainig accuracy 0.98
step 6169, trainig accuracy 1
step 6170, trainig accuracy 1
step 6171, trainig accuracy 1
step 6272, trainig accuracy 1
step 6273, trainig accuracy 0.98
step 6274, trainig accuracy 0.98
step 6275, trainig accuracy 1
step 6280, trainig accuracy 1
step 6281, trainig accuracy 0.98
step 6282, trainig accuracy 1
step 6283, trainig accuracy 0.98
step 6288, trainig accuracy 0.98
step 6289, trainig accuracy 1
step 6290, trainig accuracy 0.96
step 6291, trainig accuracy 1
step 6296, trainig accuracy 1
step 6297, trainig accuracy 1
step 6298, trainig accuracy 1
step 6299, trainig accuracy 1
step 6400, trainig accuracy 0.98
step 6401, trainig accuracy 1
step 6402, trainig accuracy 1
step 6403, trainig accuracy 1
step 6408, trainig accuracy 1
step 6409, trainig accuracy 1
step 6410, trainig accuracy 1
step 6411, trainig accuracy 0.98
step 6416, trainig accuracy 0.98
step 6417, trainig accuracy 1
step 6418, trainig accuracy 0.96
step 6419, trainig accuracy 1
step 6424, trainig accuracy 0.98
step 6425, trainig accuracy 1
step 6426, trainig accuracy 1
step 6427, trainig accuracy 1
step 6528, trainig accuracy 1
step 6529, trainig accuracy 1
step 6530, trainig accuracy 0.98
step 6531, trainig accuracy 1
step 6536, trainig accuracy 1
step 6537, trainig accuracy 1
step 6538, trainig accuracy 1
step 6539, trainig accuracy 0.96
step 6544, trainig accuracy 1
step 6545, trainig accuracy 1
step 6546, trainig accuracy 0.96
step 6547, trainig accuracy 0.96
step 6552, trainig accuracy 1
step 6553, trainig accuracy 1
step 6554, trainig accuracy 1
step 6555, trainig accuracy 1
step 6656, trainig accuracy 0.98
step 6657, trainig accuracy 1
step 6658, trainig accuracy 1
step 6659, trainig accuracy 0.98
step 6664, trainig accuracy 0.98
step 6665, trainig accuracy 1
step 6666, trainig accuracy 0.98
step 6667, trainig accuracy 1
step 6672, trainig accuracy 1
step 6673, trainig accuracy 0.98
step 6674, trainig accuracy 0.98
step 6675, trainig accuracy 0.98
step 6680, trainig accuracy 1
step 6681, trainig accuracy 1
step 6682, trainig accuracy 0.96
step 6683, trainig accuracy 1
step 6784, trainig accuracy 1
step 6785, trainig accuracy 1
step 6786, trainig accuracy 1
step 6787, trainig accuracy 0.96
step 6792, trainig accuracy 1
step 6793, trainig accuracy 1
step 6794, trainig accuracy 1
step 6795, trainig accuracy 1
step 6800, trainig accuracy 1
step 6801, trainig accuracy 0.98
step 6802, trainig accuracy 1
step 6803, trainig accuracy 1
step 6808, trainig accuracy 1
step 6809, trainig accuracy 1
step 6810, trainig accuracy 0.98
step 6811, trainig accuracy 0.98
step 6912, trainig accuracy 0.98
step 6913, trainig accuracy 0.98
step 6914, trainig accuracy 0.98
step 6915, trainig accuracy 1
step 6920, trainig accuracy 1
step 6921, trainig accuracy 1
step 6922, trainig accuracy 0.98
step 6923, trainig accuracy 1
step 6928, trainig accuracy 1
step 6929, trainig accuracy 1
step 6930, trainig accuracy 1
step 6931, trainig accuracy 1
step 6936, trainig accuracy 1
step 6937, trainig accuracy 0.98
step 6938, trainig accuracy 0.98
step 6939, trainig accuracy 1
step 7040, trainig accuracy 0.98
step 7041, trainig accuracy 1
step 7042, trainig accuracy 1
step 7043, trainig accuracy 1
step 7048, trainig accuracy 1
step 7049, trainig accuracy 1
step 7050, trainig accuracy 1
step 7051, trainig accuracy 1
step 7056, trainig accuracy 1
step 7057, trainig accuracy 1
step 7058, trainig accuracy 0.96
step 7059, trainig accuracy 1
step 7064, trainig accuracy 1
step 7065, trainig accuracy 0.98
step 7066, trainig accuracy 1
step 7067, trainig accuracy 0.98
step 7168, trainig accuracy 1
step 7169, trainig accuracy 1
step 7170, trainig accuracy 0.98
step 7171, trainig accuracy 0.98
step 7176, trainig accuracy 1
step 7177, trainig accuracy 0.98
step 7178, trainig accuracy 1
step 7179, trainig accuracy 0.98
step 7184, trainig accuracy 1
step 7185, trainig accuracy 1
step 7186, trainig accuracy 0.98
step 7187, trainig accuracy 1
step 7192, trainig accuracy 1
step 7193, trainig accuracy 1
step 7194, trainig accuracy 1
step 7195, trainig accuracy 1
step 7296, trainig accuracy 1
step 7297, trainig accuracy 1
step 7298, trainig accuracy 1
step 7299, trainig accuracy 1
step 7304, trainig accuracy 1
step 7305, trainig accuracy 1
step 7306, trainig accuracy 1
step 7307, trainig accuracy 1
step 7312, trainig accuracy 1
step 7313, trainig accuracy 1
step 7314, trainig accuracy 0.98
step 7315, trainig accuracy 1
step 7320, trainig accuracy 0.98
step 7321, trainig accuracy 1
step 7322, trainig accuracy 1
step 7323, trainig accuracy 1
step 7424, trainig accuracy 1
step 7425, trainig accuracy 1
step 7426, trainig accuracy 1
step 7427, trainig accuracy 0.98
step 7432, trainig accuracy 1
step 7433, trainig accuracy 0.98
step 7434, trainig accuracy 1
step 7435, trainig accuracy 0.98
step 7440, trainig accuracy 1
step 7441, trainig accuracy 1
step 7442, trainig accuracy 1
step 7443, trainig accuracy 1
step 7448, trainig accuracy 1
step 7449, trainig accuracy 1
step 7450, trainig accuracy 0.98
step 7451, trainig accuracy 1
step 7552, trainig accuracy 1
step 7553, trainig accuracy 1
step 7554, trainig accuracy 0.98
step 7555, trainig accuracy 1
step 7560, trainig accuracy 1
step 7561, trainig accuracy 1
step 7562, trainig accuracy 1
step 7563, trainig accuracy 1
step 7568, trainig accuracy 1
step 7569, trainig accuracy 1
step 7570, trainig accuracy 0.98
step 7571, trainig accuracy 0.96
step 7576, trainig accuracy 1
step 7577, trainig accuracy 0.98
step 7578, trainig accuracy 0.98
step 7579, trainig accuracy 1
step 7680, trainig accuracy 0.98
step 7681, trainig accuracy 1
step 7682, trainig accuracy 1
step 7683, trainig accuracy 0.98
step 7688, trainig accuracy 1
step 7689, trainig accuracy 0.98
step 7690, trainig accuracy 0.98
step 7691, trainig accuracy 0.98
step 7696, trainig accuracy 1
step 7697, trainig accuracy 1
step 7698, trainig accuracy 1
step 7699, trainig accuracy 0.98
step 7704, trainig accuracy 0.98
step 7705, trainig accuracy 1
step 7706, trainig accuracy 1
step 7707, trainig accuracy 0.98
step 7808, trainig accuracy 1
step 7809, trainig accuracy 1
step 7810, trainig accuracy 1
step 7811, trainig accuracy 1
step 7816, trainig accuracy 1
step 7817, trainig accuracy 1
step 7818, trainig accuracy 1
step 7819, trainig accuracy 1
step 7824, trainig accuracy 1
step 7825, trainig accuracy 1
step 7826, trainig accuracy 1
step 7827, trainig accuracy 1
step 7832, trainig accuracy 1
step 7833, trainig accuracy 1
step 7834, trainig accuracy 1
step 7835, trainig accuracy 1
step 7936, trainig accuracy 1
step 7937, trainig accuracy 1
step 7938, trainig accuracy 0.98
step 7939, trainig accuracy 1
step 7944, trainig accuracy 1
step 7945, trainig accuracy 1
step 7946, trainig accuracy 0.98
step 7947, trainig accuracy 1
step 7952, trainig accuracy 0.98
step 7953, trainig accuracy 1
step 7954, trainig accuracy 1
step 7955, trainig accuracy 1
step 7960, trainig accuracy 1
step 7961, trainig accuracy 1
step 7962, trainig accuracy 1
step 7963, trainig accuracy 1
step 8064, trainig accuracy 1
step 8065, trainig accuracy 1
step 8066, trainig accuracy 0.98
step 8067, trainig accuracy 1
step 8072, trainig accuracy 1
step 8073, trainig accuracy 0.98
step 8074, trainig accuracy 0.98
step 8075, trainig accuracy 1
step 8080, trainig accuracy 1
step 8081, trainig accuracy 1
step 8082, trainig accuracy 0.98
step 8083, trainig accuracy 1
step 8088, trainig accuracy 0.98
step 8089, trainig accuracy 1
step 8090, trainig accuracy 1
step 8091, trainig accuracy 1
step 8192, trainig accuracy 1
step 8193, trainig accuracy 0.98
step 8194, trainig accuracy 1
step 8195, trainig accuracy 0.98
step 8200, trainig accuracy 1
step 8201, trainig accuracy 1
step 8202, trainig accuracy 1
step 8203, trainig accuracy 1
step 8208, trainig accuracy 1
step 8209, trainig accuracy 1
step 8210, trainig accuracy 1
step 8211, trainig accuracy 1
step 8216, trainig accuracy 1
step 8217, trainig accuracy 1
step 8218, trainig accuracy 1
step 8219, trainig accuracy 1
step 8320, trainig accuracy 1
step 8321, trainig accuracy 1
step 8322, trainig accuracy 1
step 8323, trainig accuracy 1
step 8328, trainig accuracy 1
step 8329, trainig accuracy 0.98
step 8330, trainig accuracy 1
step 8331, trainig accuracy 1
step 8336, trainig accuracy 1
step 8337, trainig accuracy 0.94
step 8338, trainig accuracy 1
step 8339, trainig accuracy 1
step 8344, trainig accuracy 1
step 8345, trainig accuracy 1
step 8346, trainig accuracy 1
step 8347, trainig accuracy 1
step 8448, trainig accuracy 1
step 8449, trainig accuracy 0.98
step 8450, trainig accuracy 1
step 8451, trainig accuracy 1
step 8456, trainig accuracy 1
step 8457, trainig accuracy 1
step 8458, trainig accuracy 1
step 8459, trainig accuracy 0.98
step 8464, trainig accuracy 0.98
step 8465, trainig accuracy 0.96
step 8466, trainig accuracy 0.98
step 8467, trainig accuracy 0.98
step 8472, trainig accuracy 0.98
step 8473, trainig accuracy 1
step 8474, trainig accuracy 1
step 8475, trainig accuracy 1
step 8576, trainig accuracy 1
step 8577, trainig accuracy 0.98
step 8578, trainig accuracy 0.98
step 8579, trainig accuracy 0.98
step 8584, trainig accuracy 1
step 8585, trainig accuracy 0.98
step 8586, trainig accuracy 1
step 8587, trainig accuracy 1
step 8592, trainig accuracy 0.98
step 8593, trainig accuracy 1
step 8594, trainig accuracy 1
step 8595, trainig accuracy 1
step 8600, trainig accuracy 1
step 8601, trainig accuracy 1
step 8602, trainig accuracy 1
step 8603, trainig accuracy 0.98
step 8704, trainig accuracy 1
step 8705, trainig accuracy 0.98
step 8706, trainig accuracy 1
step 8707, trainig accuracy 0.98
step 8712, trainig accuracy 1
step 8713, trainig accuracy 1
step 8714, trainig accuracy 1
step 8715, trainig accuracy 1
step 8720, trainig accuracy 1
step 8721, trainig accuracy 1
step 8722, trainig accuracy 1
step 8723, trainig accuracy 1
step 8728, trainig accuracy 1
step 8729, trainig accuracy 1
step 8730, trainig accuracy 1
step 8731, trainig accuracy 1
step 8832, trainig accuracy 1
step 8833, trainig accuracy 1
step 8834, trainig accuracy 1
step 8835, trainig accuracy 1
step 8840, trainig accuracy 1
step 8841, trainig accuracy 1
step 8842, trainig accuracy 1
step 8843, trainig accuracy 1
step 8848, trainig accuracy 1
step 8849, trainig accuracy 0.98
step 8850, trainig accuracy 1
step 8851, trainig accuracy 1
step 8856, trainig accuracy 1
step 8857, trainig accuracy 1
step 8858, trainig accuracy 1
step 8859, trainig accuracy 1
step 8960, trainig accuracy 0.96
step 8961, trainig accuracy 1
step 8962, trainig accuracy 0.98
step 8963, trainig accuracy 1
step 8968, trainig accuracy 1
step 8969, trainig accuracy 1
step 8970, trainig accuracy 1
step 8971, trainig accuracy 0.98
step 8976, trainig accuracy 1
step 8977, trainig accuracy 1
step 8978, trainig accuracy 1
step 8979, trainig accuracy 1
step 8984, trainig accuracy 1
step 8985, trainig accuracy 0.98
step 8986, trainig accuracy 0.98
step 8987, trainig accuracy 0.98
step 9088, trainig accuracy 1
step 9089, trainig accuracy 1
step 9090, trainig accuracy 1
step 9091, trainig accuracy 0.98
step 9096, trainig accuracy 1
step 9097, trainig accuracy 1
step 9098, trainig accuracy 0.98
step 9099, trainig accuracy 0.98
step 9104, trainig accuracy 1
step 9105, trainig accuracy 0.98
step 9106, trainig accuracy 1
step 9107, trainig accuracy 1
step 9112, trainig accuracy 1
step 9113, trainig accuracy 1
step 9114, trainig accuracy 1
step 9115, trainig accuracy 1
step 9216, trainig accuracy 1
step 9217, trainig accuracy 1
step 9218, trainig accuracy 1
step 9219, trainig accuracy 1
step 9224, trainig accuracy 1
step 9225, trainig accuracy 1
step 9226, trainig accuracy 1
step 9227, trainig accuracy 1
step 9232, trainig accuracy 0.98
step 9233, trainig accuracy 1
step 9234, trainig accuracy 1
step 9235, trainig accuracy 1
step 9240, trainig accuracy 1
step 9241, trainig accuracy 1
step 9242, trainig accuracy 1
step 9243, trainig accuracy 0.98
step 9344, trainig accuracy 1
step 9345, trainig accuracy 1
step 9346, trainig accuracy 1
step 9347, trainig accuracy 1
step 9352, trainig accuracy 1
step 9353, trainig accuracy 1
step 9354, trainig accuracy 1
step 9355, trainig accuracy 1
step 9360, trainig accuracy 1
step 9361, trainig accuracy 1
step 9362, trainig accuracy 1
step 9363, trainig accuracy 1
step 9368, trainig accuracy 1
step 9369, trainig accuracy 0.98
step 9370, trainig accuracy 1
step 9371, trainig accuracy 0.98
step 9472, trainig accuracy 1
step 9473, trainig accuracy 0.98
step 9474, trainig accuracy 1
step 9475, trainig accuracy 1
step 9480, trainig accuracy 0.98
step 9481, trainig accuracy 1
step 9482, trainig accuracy 1
step 9483, trainig accuracy 1
step 9488, trainig accuracy 1
step 9489, trainig accuracy 1
step 9490, trainig accuracy 1
step 9491, trainig accuracy 0.98
step 9496, trainig accuracy 1
step 9497, trainig accuracy 1
step 9498, trainig accuracy 1
step 9499, trainig accuracy 1
step 9600, trainig accuracy 1
step 9601, trainig accuracy 1
step 9602, trainig accuracy 1
step 9603, trainig accuracy 1
step 9608, trainig accuracy 1
step 9609, trainig accuracy 1
step 9610, trainig accuracy 0.98
step 9611, trainig accuracy 1
step 9616, trainig accuracy 1
step 9617, trainig accuracy 1
step 9618, trainig accuracy 1
step 9619, trainig accuracy 0.98
step 9624, trainig accuracy 0.98
step 9625, trainig accuracy 0.98
step 9626, trainig accuracy 1
step 9627, trainig accuracy 1
step 9728, trainig accuracy 1
step 9729, trainig accuracy 0.98
step 9730, trainig accuracy 1
step 9731, trainig accuracy 1
step 9736, trainig accuracy 0.98
step 9737, trainig accuracy 1
step 9738, trainig accuracy 1
step 9739, trainig accuracy 1
step 9744, trainig accuracy 1
step 9745, trainig accuracy 1
step 9746, trainig accuracy 1
step 9747, trainig accuracy 0.98
step 9752, trainig accuracy 0.98
step 9753, trainig accuracy 1
step 9754, trainig accuracy 1
step 9755, trainig accuracy 1
step 9856, trainig accuracy 1
step 9857, trainig accuracy 1
step 9858, trainig accuracy 1
step 9859, trainig accuracy 1
step 9864, trainig accuracy 1
step 9865, trainig accuracy 1
step 9866, trainig accuracy 1
step 9867, trainig accuracy 1
step 9872, trainig accuracy 1
step 9873, trainig accuracy 1
step 9874, trainig accuracy 1
step 9875, trainig accuracy 0.98
step 9880, trainig accuracy 1
step 9881, trainig accuracy 0.94
step 9882, trainig accuracy 0.98
step 9883, trainig accuracy 0.98
step 9984, trainig accuracy 1
step 9985, trainig accuracy 1
step 9986, trainig accuracy 1
step 9987, trainig accuracy 1
step 9992, trainig accuracy 1
step 9993, trainig accuracy 1
step 9994, trainig accuracy 1
step 9995, trainig accuracy 0.98
step 10000, trainig accuracy 1
step 10001, trainig accuracy 1
step 10002, trainig accuracy 1
step 10003, trainig accuracy 1
step 10008, trainig accuracy 1
step 10009, trainig accuracy 1
step 10010, trainig accuracy 1
step 10011, trainig accuracy 1
step 10112, trainig accuracy 1
step 10113, trainig accuracy 1
step 10114, trainig accuracy 1
step 10115, trainig accuracy 1
step 10120, trainig accuracy 1
step 10121, trainig accuracy 1
step 10122, trainig accuracy 1
step 10123, trainig accuracy 0.98
step 10128, trainig accuracy 1
step 10129, trainig accuracy 1
step 10130, trainig accuracy 1
step 10131, trainig accuracy 1
step 10136, trainig accuracy 1
step 10137, trainig accuracy 1
step 10138, trainig accuracy 0.98
step 10139, trainig accuracy 0.98
step 10240, trainig accuracy 1
step 10241, trainig accuracy 1
step 10242, trainig accuracy 1
step 10243, trainig accuracy 1
step 10248, trainig accuracy 1
step 10249, trainig accuracy 1
step 10250, trainig accuracy 1
step 10251, trainig accuracy 1
step 10256, trainig accuracy 0.98
step 10257, trainig accuracy 1
step 10258, trainig accuracy 1
step 10259, trainig accuracy 1
step 10264, trainig accuracy 1
step 10265, trainig accuracy 0.98
step 10266, trainig accuracy 1
step 10267, trainig accuracy 1
step 10368, trainig accuracy 0.98
step 10369, trainig accuracy 1
step 10370, trainig accuracy 1
step 10371, trainig accuracy 1
step 10376, trainig accuracy 1
step 10377, trainig accuracy 1
step 10378, trainig accuracy 1
step 10379, trainig accuracy 1
step 10384, trainig accuracy 1
step 10385, trainig accuracy 1
step 10386, trainig accuracy 1
step 10387, trainig accuracy 1
step 10392, trainig accuracy 0.98
step 10393, trainig accuracy 1
step 10394, trainig accuracy 1
step 10395, trainig accuracy 1
step 10496, trainig accuracy 0.98
step 10497, trainig accuracy 1
step 10498, trainig accuracy 0.98
step 10499, trainig accuracy 0.98
step 10504, trainig accuracy 1
step 10505, trainig accuracy 1
step 10506, trainig accuracy 1
step 10507, trainig accuracy 1
step 10512, trainig accuracy 0.98
step 10513, trainig accuracy 1
step 10514, trainig accuracy 1
step 10515, trainig accuracy 1
step 10520, trainig accuracy 1
step 10521, trainig accuracy 1
step 10522, trainig accuracy 0.98
step 10523, trainig accuracy 1
step 10624, trainig accuracy 1
step 10625, trainig accuracy 0.98
step 10626, trainig accuracy 1
step 10627, trainig accuracy 1
step 10632, trainig accuracy 1
step 10633, trainig accuracy 1
step 10634, trainig accuracy 1
step 10635, trainig accuracy 1
step 10640, trainig accuracy 1
step 10641, trainig accuracy 1
step 10642, trainig accuracy 1
step 10643, trainig accuracy 1
step 10648, trainig accuracy 1
step 10649, trainig accuracy 1
step 10650, trainig accuracy 1
step 10651, trainig accuracy 1
step 10752, trainig accuracy 1
step 10753, trainig accuracy 0.98
step 10754, trainig accuracy 1
step 10755, trainig accuracy 1
step 10760, trainig accuracy 1
step 10761, trainig accuracy 1
step 10762, trainig accuracy 1
step 10763, trainig accuracy 1
step 10768, trainig accuracy 1
step 10769, trainig accuracy 0.98
step 10770, trainig accuracy 1
step 10771, trainig accuracy 1
step 10776, trainig accuracy 1
step 10777, trainig accuracy 1
step 10778, trainig accuracy 1
step 10779, trainig accuracy 1
step 10880, trainig accuracy 1
step 10881, trainig accuracy 1
step 10882, trainig accuracy 1
step 10883, trainig accuracy 1
step 10888, trainig accuracy 1
step 10889, trainig accuracy 1
step 10890, trainig accuracy 1
step 10891, trainig accuracy 1
step 10896, trainig accuracy 0.98
step 10897, trainig accuracy 0.98
step 10898, trainig accuracy 1
step 10899, trainig accuracy 0.96
step 10904, trainig accuracy 0.98
step 10905, trainig accuracy 1
step 10906, trainig accuracy 1
step 10907, trainig accuracy 0.98
step 11008, trainig accuracy 1
step 11009, trainig accuracy 1
step 11010, trainig accuracy 1
step 11011, trainig accuracy 1
step 11016, trainig accuracy 1
step 11017, trainig accuracy 1
step 11018, trainig accuracy 0.98
step 11019, trainig accuracy 1
step 11024, trainig accuracy 1
step 11025, trainig accuracy 1
step 11026, trainig accuracy 1
step 11027, trainig accuracy 1
step 11032, trainig accuracy 0.98
step 11033, trainig accuracy 1
step 11034, trainig accuracy 1
step 11035, trainig accuracy 1
step 11136, trainig accuracy 1
step 11137, trainig accuracy 1
step 11138, trainig accuracy 1
step 11139, trainig accuracy 1
step 11144, trainig accuracy 1
step 11145, trainig accuracy 1
step 11146, trainig accuracy 0.98
step 11147, trainig accuracy 1
step 11152, trainig accuracy 1
step 11153, trainig accuracy 1
step 11154, trainig accuracy 1
step 11155, trainig accuracy 1
step 11160, trainig accuracy 1
step 11161, trainig accuracy 1
step 11162, trainig accuracy 1
step 11163, trainig accuracy 1
step 11264, trainig accuracy 0.98
step 11265, trainig accuracy 1
step 11266, trainig accuracy 1
step 11267, trainig accuracy 1
step 11272, trainig accuracy 0.98
step 11273, trainig accuracy 0.98
step 11274, trainig accuracy 1
step 11275, trainig accuracy 0.98
step 11280, trainig accuracy 1
step 11281, trainig accuracy 1
step 11282, trainig accuracy 1
step 11283, trainig accuracy 1
step 11288, trainig accuracy 0.96
step 11289, trainig accuracy 1
step 11290, trainig accuracy 1
step 11291, trainig accuracy 1
step 11392, trainig accuracy 1
step 11393, trainig accuracy 1
step 11394, trainig accuracy 0.98
step 11395, trainig accuracy 1
step 11400, trainig accuracy 1
step 11401, trainig accuracy 1
step 11402, trainig accuracy 1
step 11403, trainig accuracy 0.98
step 11408, trainig accuracy 1
step 11409, trainig accuracy 1
step 11410, trainig accuracy 1
step 11411, trainig accuracy 1
step 11416, trainig accuracy 1
step 11417, trainig accuracy 1
step 11418, trainig accuracy 1
step 11419, trainig accuracy 1
step 11520, trainig accuracy 1
step 11521, trainig accuracy 1
step 11522, trainig accuracy 1
step 11523, trainig accuracy 1
step 11528, trainig accuracy 1
step 11529, trainig accuracy 1
step 11530, trainig accuracy 1
step 11531, trainig accuracy 1
step 11536, trainig accuracy 1
step 11537, trainig accuracy 1
step 11538, trainig accuracy 1
step 11539, trainig accuracy 1
step 11544, trainig accuracy 1
step 11545, trainig accuracy 0.98
step 11546, trainig accuracy 1
step 11547, trainig accuracy 1
step 11648, trainig accuracy 1
step 11649, trainig accuracy 0.98
step 11650, trainig accuracy 1
step 11651, trainig accuracy 1
step 11656, trainig accuracy 1
step 11657, trainig accuracy 0.98
step 11658, trainig accuracy 1
step 11659, trainig accuracy 1
step 11664, trainig accuracy 0.98
step 11665, trainig accuracy 1
step 11666, trainig accuracy 1
step 11667, trainig accuracy 0.98
step 11672, trainig accuracy 1
step 11673, trainig accuracy 1
step 11674, trainig accuracy 1
step 11675, trainig accuracy 1
step 11776, trainig accuracy 1
step 11777, trainig accuracy 1
step 11778, trainig accuracy 0.98
step 11779, trainig accuracy 1
step 11784, trainig accuracy 1
step 11785, trainig accuracy 1
step 11786, trainig accuracy 1
step 11787, trainig accuracy 1
step 11792, trainig accuracy 1
step 11793, trainig accuracy 1
step 11794, trainig accuracy 1
step 11795, trainig accuracy 1
step 11800, trainig accuracy 1
step 11801, trainig accuracy 1
step 11802, trainig accuracy 1
step 11803, trainig accuracy 1
step 11904, trainig accuracy 1
step 11905, trainig accuracy 1
step 11906, trainig accuracy 1
step 11907, trainig accuracy 1
step 11912, trainig accuracy 1
step 11913, trainig accuracy 1
step 11914, trainig accuracy 1
step 11915, trainig accuracy 1
step 11920, trainig accuracy 1
step 11921, trainig accuracy 1
step 11922, trainig accuracy 1
step 11923, trainig accuracy 1
step 11928, trainig accuracy 1
step 11929, trainig accuracy 1
step 11930, trainig accuracy 1
step 11931, trainig accuracy 1
step 12032, trainig accuracy 0.98
step 12033, trainig accuracy 0.98
step 12034, trainig accuracy 0.98
step 12035, trainig accuracy 0.98
step 12040, trainig accuracy 1
step 12041, trainig accuracy 1
step 12042, trainig accuracy 1
step 12043, trainig accuracy 1
step 12048, trainig accuracy 1
step 12049, trainig accuracy 1
step 12050, trainig accuracy 1
step 12051, trainig accuracy 1
step 12056, trainig accuracy 1
step 12057, trainig accuracy 1
step 12058, trainig accuracy 1
step 12059, trainig accuracy 1
step 12160, trainig accuracy 1
step 12161, trainig accuracy 1
step 12162, trainig accuracy 1
step 12163, trainig accuracy 1
step 12168, trainig accuracy 0.98
step 12169, trainig accuracy 1
step 12170, trainig accuracy 1
step 12171, trainig accuracy 1
step 12176, trainig accuracy 1
step 12177, trainig accuracy 1
step 12178, trainig accuracy 1
step 12179, trainig accuracy 1
step 12184, trainig accuracy 0.98
step 12185, trainig accuracy 1
step 12186, trainig accuracy 1
step 12187, trainig accuracy 1
step 12288, trainig accuracy 1
step 12289, trainig accuracy 0.98
step 12290, trainig accuracy 1
step 12291, trainig accuracy 1
step 12296, trainig accuracy 1
step 12297, trainig accuracy 1
step 12298, trainig accuracy 1
step 12299, trainig accuracy 0.98
step 12304, trainig accuracy 1
step 12305, trainig accuracy 1
step 12306, trainig accuracy 0.98
step 12307, trainig accuracy 1
step 12312, trainig accuracy 1
step 12313, trainig accuracy 0.98
step 12314, trainig accuracy 1
step 12315, trainig accuracy 1
step 12416, trainig accuracy 1
step 12417, trainig accuracy 1
step 12418, trainig accuracy 1
step 12419, trainig accuracy 1
step 12424, trainig accuracy 1
step 12425, trainig accuracy 1
step 12426, trainig accuracy 1
step 12427, trainig accuracy 1
step 12432, trainig accuracy 1
step 12433, trainig accuracy 1
step 12434, trainig accuracy 1
step 12435, trainig accuracy 1
step 12440, trainig accuracy 1
step 12441, trainig accuracy 1
step 12442, trainig accuracy 1
step 12443, trainig accuracy 1
step 12544, trainig accuracy 1
step 12545, trainig accuracy 1
step 12546, trainig accuracy 1
step 12547, trainig accuracy 1
step 12552, trainig accuracy 1
step 12553, trainig accuracy 1
step 12554, trainig accuracy 1
step 12555, trainig accuracy 1
step 12560, trainig accuracy 1
step 12561, trainig accuracy 1
step 12562, trainig accuracy 1
step 12563, trainig accuracy 1
step 12568, trainig accuracy 1
step 12569, trainig accuracy 1
step 12570, trainig accuracy 1
step 12571, trainig accuracy 1
step 12672, trainig accuracy 1
step 12673, trainig accuracy 1
step 12674, trainig accuracy 1
step 12675, trainig accuracy 1
step 12680, trainig accuracy 1
step 12681, trainig accuracy 1
step 12682, trainig accuracy 1
step 12683, trainig accuracy 1
step 12688, trainig accuracy 1
step 12689, trainig accuracy 1
step 12690, trainig accuracy 1
step 12691, trainig accuracy 1
step 12696, trainig accuracy 1
step 12697, trainig accuracy 0.98
step 12698, trainig accuracy 0.98
step 12699, trainig accuracy 1
step 12800, trainig accuracy 1
step 12801, trainig accuracy 1
step 12802, trainig accuracy 1
step 12803, trainig accuracy 1
step 12808, trainig accuracy 1
step 12809, trainig accuracy 1
step 12810, trainig accuracy 1
step 12811, trainig accuracy 0.98
step 12816, trainig accuracy 1
step 12817, trainig accuracy 1
step 12818, trainig accuracy 0.98
step 12819, trainig accuracy 1
step 12824, trainig accuracy 1
step 12825, trainig accuracy 1
step 12826, trainig accuracy 1
step 12827, trainig accuracy 1
step 12928, trainig accuracy 0.98
step 12929, trainig accuracy 1
step 12930, trainig accuracy 1
step 12931, trainig accuracy 1
step 12936, trainig accuracy 1
step 12937, trainig accuracy 1
step 12938, trainig accuracy 1
step 12939, trainig accuracy 1
step 12944, trainig accuracy 1
step 12945, trainig accuracy 1
step 12946, trainig accuracy 0.98
step 12947, trainig accuracy 1
step 12952, trainig accuracy 1
step 12953, trainig accuracy 1
step 12954, trainig accuracy 1
step 12955, trainig accuracy 0.94
step 13056, trainig accuracy 1
step 13057, trainig accuracy 1
step 13058, trainig accuracy 1
step 13059, trainig accuracy 1
step 13064, trainig accuracy 1
step 13065, trainig accuracy 1
step 13066, trainig accuracy 1
step 13067, trainig accuracy 1
step 13072, trainig accuracy 1
step 13073, trainig accuracy 1
step 13074, trainig accuracy 1
step 13075, trainig accuracy 1
step 13080, trainig accuracy 1
step 13081, trainig accuracy 1
step 13082, trainig accuracy 1
step 13083, trainig accuracy 1
step 13184, trainig accuracy 1
step 13185, trainig accuracy 1
step 13186, trainig accuracy 1
step 13187, trainig accuracy 1
step 13192, trainig accuracy 1
step 13193, trainig accuracy 1
step 13194, trainig accuracy 1
step 13195, trainig accuracy 1
step 13200, trainig accuracy 1
step 13201, trainig accuracy 1
step 13202, trainig accuracy 1
step 13203, trainig accuracy 1
step 13208, trainig accuracy 1
step 13209, trainig accuracy 1
step 13210, trainig accuracy 1
step 13211, trainig accuracy 1
step 13312, trainig accuracy 1
step 13313, trainig accuracy 1
step 13314, trainig accuracy 1
step 13315, trainig accuracy 1
step 13320, trainig accuracy 1
step 13321, trainig accuracy 1
step 13322, trainig accuracy 1
step 13323, trainig accuracy 1
step 13328, trainig accuracy 1
step 13329, trainig accuracy 1
step 13330, trainig accuracy 1
step 13331, trainig accuracy 1
step 13336, trainig accuracy 1
step 13337, trainig accuracy 1
step 13338, trainig accuracy 1
step 13339, trainig accuracy 1
step 13440, trainig accuracy 1
step 13441, trainig accuracy 1
step 13442, trainig accuracy 1
step 13443, trainig accuracy 1
step 13448, trainig accuracy 1
step 13449, trainig accuracy 1
step 13450, trainig accuracy 1
step 13451, trainig accuracy 1
step 13456, trainig accuracy 1
step 13457, trainig accuracy 1
step 13458, trainig accuracy 1
step 13459, trainig accuracy 0.98
step 13464, trainig accuracy 1
step 13465, trainig accuracy 1
step 13466, trainig accuracy 0.98
step 13467, trainig accuracy 1
step 13568, trainig accuracy 0.98
step 13569, trainig accuracy 1
step 13570, trainig accuracy 1
step 13571, trainig accuracy 1
step 13576, trainig accuracy 1
step 13577, trainig accuracy 1
step 13578, trainig accuracy 1
step 13579, trainig accuracy 1
step 13584, trainig accuracy 0.98
step 13585, trainig accuracy 1
step 13586, trainig accuracy 1
step 13587, trainig accuracy 1
step 13592, trainig accuracy 1
step 13593, trainig accuracy 1
step 13594, trainig accuracy 1
step 13595, trainig accuracy 1
step 13696, trainig accuracy 1
step 13697, trainig accuracy 1
step 13698, trainig accuracy 1
step 13699, trainig accuracy 1
step 13704, trainig accuracy 1
step 13705, trainig accuracy 1
step 13706, trainig accuracy 1
step 13707, trainig accuracy 1
step 13712, trainig accuracy 1
step 13713, trainig accuracy 1
step 13714, trainig accuracy 1
step 13715, trainig accuracy 1
step 13720, trainig accuracy 1
step 13721, trainig accuracy 1
step 13722, trainig accuracy 0.96
step 13723, trainig accuracy 1
step 13824, trainig accuracy 1
step 13825, trainig accuracy 1
step 13826, trainig accuracy 0.98
step 13827, trainig accuracy 0.98
step 13832, trainig accuracy 1
step 13833, trainig accuracy 1
step 13834, trainig accuracy 1
step 13835, trainig accuracy 1
step 13840, trainig accuracy 1
step 13841, trainig accuracy 1
step 13842, trainig accuracy 1
step 13843, trainig accuracy 1
step 13848, trainig accuracy 1
step 13849, trainig accuracy 1
step 13850, trainig accuracy 1
step 13851, trainig accuracy 1
step 13952, trainig accuracy 0.98
step 13953, trainig accuracy 1
step 13954, trainig accuracy 0.98
step 13955, trainig accuracy 1
step 13960, trainig accuracy 0.98
step 13961, trainig accuracy 1
step 13962, trainig accuracy 1
step 13963, trainig accuracy 1
step 13968, trainig accuracy 1
step 13969, trainig accuracy 1
step 13970, trainig accuracy 1
step 13971, trainig accuracy 1
step 13976, trainig accuracy 0.98
step 13977, trainig accuracy 1
step 13978, trainig accuracy 1
step 13979, trainig accuracy 0.98
step 14080, trainig accuracy 1
step 14081, trainig accuracy 1
step 14082, trainig accuracy 1
step 14083, trainig accuracy 1
step 14088, trainig accuracy 0.98
step 14089, trainig accuracy 0.98
step 14090, trainig accuracy 1
step 14091, trainig accuracy 0.98
step 14096, trainig accuracy 1
step 14097, trainig accuracy 1
step 14098, trainig accuracy 1
step 14099, trainig accuracy 1
step 14104, trainig accuracy 1
step 14105, trainig accuracy 0.98
step 14106, trainig accuracy 1
step 14107, trainig accuracy 1
step 14208, trainig accuracy 1
step 14209, trainig accuracy 1
step 14210, trainig accuracy 0.98
step 14211, trainig accuracy 1
step 14216, trainig accuracy 1
step 14217, trainig accuracy 1
step 14218, trainig accuracy 0.98
step 14219, trainig accuracy 1
step 14224, trainig accuracy 1
step 14225, trainig accuracy 0.98
step 14226, trainig accuracy 1
step 14227, trainig accuracy 1
step 14232, trainig accuracy 1
step 14233, trainig accuracy 0.98
step 14234, trainig accuracy 1
step 14235, trainig accuracy 1
step 14336, trainig accuracy 1
step 14337, trainig accuracy 1
step 14338, trainig accuracy 1
step 14339, trainig accuracy 1
step 14344, trainig accuracy 1
step 14345, trainig accuracy 1
step 14346, trainig accuracy 1
step 14347, trainig accuracy 1
step 14352, trainig accuracy 1
step 14353, trainig accuracy 1
step 14354, trainig accuracy 1
step 14355, trainig accuracy 1
step 14360, trainig accuracy 1
step 14361, trainig accuracy 1
step 14362, trainig accuracy 1
step 14363, trainig accuracy 1
step 14464, trainig accuracy 1
step 14465, trainig accuracy 1
step 14466, trainig accuracy 1
step 14467, trainig accuracy 1
step 14472, trainig accuracy 1
step 14473, trainig accuracy 1
step 14474, trainig accuracy 1
step 14475, trainig accuracy 1
step 14480, trainig accuracy 1
step 14481, trainig accuracy 1
step 14482, trainig accuracy 1
step 14483, trainig accuracy 1
step 14488, trainig accuracy 1
step 14489, trainig accuracy 1
step 14490, trainig accuracy 0.98
step 14491, trainig accuracy 1
step 14592, trainig accuracy 1
step 14593, trainig accuracy 1
step 14594, trainig accuracy 1
step 14595, trainig accuracy 1
step 14600, trainig accuracy 1
step 14601, trainig accuracy 1
step 14602, trainig accuracy 1
step 14603, trainig accuracy 1
step 14608, trainig accuracy 1
step 14609, trainig accuracy 1
step 14610, trainig accuracy 1
step 14611, trainig accuracy 1
step 14616, trainig accuracy 1
step 14617, trainig accuracy 1
step 14618, trainig accuracy 1
step 14619, trainig accuracy 1
step 14720, trainig accuracy 1
step 14721, trainig accuracy 1
step 14722, trainig accuracy 1
step 14723, trainig accuracy 1
step 14728, trainig accuracy 1
step 14729, trainig accuracy 1
step 14730, trainig accuracy 1
step 14731, trainig accuracy 1
step 14736, trainig accuracy 1
step 14737, trainig accuracy 1
step 14738, trainig accuracy 1
step 14739, trainig accuracy 1
step 14744, trainig accuracy 1
step 14745, trainig accuracy 1
step 14746, trainig accuracy 1
step 14747, trainig accuracy 1
step 14848, trainig accuracy 1
step 14849, trainig accuracy 1
step 14850, trainig accuracy 1
step 14851, trainig accuracy 1
step 14856, trainig accuracy 1
step 14857, trainig accuracy 1
step 14858, trainig accuracy 1
step 14859, trainig accuracy 1
step 14864, trainig accuracy 1
step 14865, trainig accuracy 1
step 14866, trainig accuracy 1
step 14867, trainig accuracy 1
step 14872, trainig accuracy 1
step 14873, trainig accuracy 1
step 14874, trainig accuracy 1
step 14875, trainig accuracy 1
step 14976, trainig accuracy 1
step 14977, trainig accuracy 1
step 14978, trainig accuracy 1
step 14979, trainig accuracy 1
step 14984, trainig accuracy 1
step 14985, trainig accuracy 1
step 14986, trainig accuracy 1
step 14987, trainig accuracy 1
step 14992, trainig accuracy 0.98
step 14993, trainig accuracy 1
step 14994, trainig accuracy 1
step 14995, trainig accuracy 1
step 15000, trainig accuracy 1
step 15001, trainig accuracy 1
step 15002, trainig accuracy 1
step 15003, trainig accuracy 1
step 15104, trainig accuracy 1
step 15105, trainig accuracy 0.98
step 15106, trainig accuracy 1
step 15107, trainig accuracy 1
step 15112, trainig accuracy 0.98
step 15113, trainig accuracy 1
step 15114, trainig accuracy 1
step 15115, trainig accuracy 1
step 15120, trainig accuracy 1
step 15121, trainig accuracy 1
step 15122, trainig accuracy 1
step 15123, trainig accuracy 1
step 15128, trainig accuracy 1
step 15129, trainig accuracy 1
step 15130, trainig accuracy 1
step 15131, trainig accuracy 0.98
step 15232, trainig accuracy 1
step 15233, trainig accuracy 1
step 15234, trainig accuracy 1
step 15235, trainig accuracy 1
step 15240, trainig accuracy 1
step 15241, trainig accuracy 1
step 15242, trainig accuracy 1
step 15243, trainig accuracy 1
step 15248, trainig accuracy 1
step 15249, trainig accuracy 1
step 15250, trainig accuracy 1
step 15251, trainig accuracy 1
step 15256, trainig accuracy 1
step 15257, trainig accuracy 1
step 15258, trainig accuracy 1
step 15259, trainig accuracy 1
step 15360, trainig accuracy 0.98
step 15361, trainig accuracy 1
step 15362, trainig accuracy 1
step 15363, trainig accuracy 1
step 15368, trainig accuracy 1
step 15369, trainig accuracy 1
step 15370, trainig accuracy 1
step 15371, trainig accuracy 1
step 15376, trainig accuracy 1
step 15377, trainig accuracy 1
step 15378, trainig accuracy 1
step 15379, trainig accuracy 1
step 15384, trainig accuracy 1
step 15385, trainig accuracy 1
step 15386, trainig accuracy 1
step 15387, trainig accuracy 1
step 15488, trainig accuracy 1
step 15489, trainig accuracy 1
step 15490, trainig accuracy 1
step 15491, trainig accuracy 1
step 15496, trainig accuracy 1
step 15497, trainig accuracy 1
step 15498, trainig accuracy 1
step 15499, trainig accuracy 1
step 15504, trainig accuracy 0.98
step 15505, trainig accuracy 1
step 15506, trainig accuracy 1
step 15507, trainig accuracy 1
step 15512, trainig accuracy 1
step 15513, trainig accuracy 1
step 15514, trainig accuracy 1
step 15515, trainig accuracy 1
step 15616, trainig accuracy 1
step 15617, trainig accuracy 1
step 15618, trainig accuracy 1
step 15619, trainig accuracy 1
step 15624, trainig accuracy 0.98
step 15625, trainig accuracy 1
step 15626, trainig accuracy 1
step 15627, trainig accuracy 1
step 15632, trainig accuracy 1
step 15633, trainig accuracy 1
step 15634, trainig accuracy 0.98
step 15635, trainig accuracy 1
step 15640, trainig accuracy 1
step 15641, trainig accuracy 1
step 15642, trainig accuracy 1
step 15643, trainig accuracy 1
step 15744, trainig accuracy 1
step 15745, trainig accuracy 1
step 15746, trainig accuracy 1
step 15747, trainig accuracy 1
step 15752, trainig accuracy 1
step 15753, trainig accuracy 1
step 15754, trainig accuracy 1
step 15755, trainig accuracy 1
step 15760, trainig accuracy 1
step 15761, trainig accuracy 1
step 15762, trainig accuracy 1
step 15763, trainig accuracy 1
step 15768, trainig accuracy 1
step 15769, trainig accuracy 1
step 15770, trainig accuracy 1
step 15771, trainig accuracy 1
step 15872, trainig accuracy 1
step 15873, trainig accuracy 1
step 15874, trainig accuracy 1
step 15875, trainig accuracy 1
step 15880, trainig accuracy 1
step 15881, trainig accuracy 0.98
step 15882, trainig accuracy 0.98
step 15883, trainig accuracy 1
step 15888, trainig accuracy 1
step 15889, trainig accuracy 1
step 15890, trainig accuracy 1
step 15891, trainig accuracy 1
step 15896, trainig accuracy 1
step 15897, trainig accuracy 1
step 15898, trainig accuracy 1
step 15899, trainig accuracy 1
step 16000, trainig accuracy 1
step 16001, trainig accuracy 1
step 16002, trainig accuracy 1
step 16003, trainig accuracy 1
step 16008, trainig accuracy 1
step 16009, trainig accuracy 1
step 16010, trainig accuracy 1
step 16011, trainig accuracy 1
step 16016, trainig accuracy 1
step 16017, trainig accuracy 1
step 16018, trainig accuracy 1
step 16019, trainig accuracy 1
step 16024, trainig accuracy 1
step 16025, trainig accuracy 1
step 16026, trainig accuracy 1
step 16027, trainig accuracy 1
step 16128, trainig accuracy 1
step 16129, trainig accuracy 1
step 16130, trainig accuracy 1
step 16131, trainig accuracy 1
step 16136, trainig accuracy 1
step 16137, trainig accuracy 1
step 16138, trainig accuracy 1
step 16139, trainig accuracy 1
step 16144, trainig accuracy 1
step 16145, trainig accuracy 1
step 16146, trainig accuracy 1
step 16147, trainig accuracy 1
step 16152, trainig accuracy 1
step 16153, trainig accuracy 1
step 16154, trainig accuracy 1
step 16155, trainig accuracy 1
step 16256, trainig accuracy 1
step 16257, trainig accuracy 1
step 16258, trainig accuracy 1
step 16259, trainig accuracy 1
step 16264, trainig accuracy 1
step 16265, trainig accuracy 1
step 16266, trainig accuracy 1
step 16267, trainig accuracy 1
step 16272, trainig accuracy 1
step 16273, trainig accuracy 1
step 16274, trainig accuracy 1
step 16275, trainig accuracy 0.98
step 16280, trainig accuracy 1
step 16281, trainig accuracy 1
step 16282, trainig accuracy 1
step 16283, trainig accuracy 1
step 16384, trainig accuracy 1
step 16385, trainig accuracy 1
step 16386, trainig accuracy 1
step 16387, trainig accuracy 1
step 16392, trainig accuracy 1
step 16393, trainig accuracy 1
step 16394, trainig accuracy 1
step 16395, trainig accuracy 1
step 16400, trainig accuracy 1
step 16401, trainig accuracy 1
step 16402, trainig accuracy 1
step 16403, trainig accuracy 1
step 16408, trainig accuracy 1
step 16409, trainig accuracy 1
step 16410, trainig accuracy 1
step 16411, trainig accuracy 1
step 16512, trainig accuracy 1
step 16513, trainig accuracy 1
step 16514, trainig accuracy 0.98
step 16515, trainig accuracy 1
step 16520, trainig accuracy 1
step 16521, trainig accuracy 1
step 16522, trainig accuracy 1
step 16523, trainig accuracy 1
step 16528, trainig accuracy 1
step 16529, trainig accuracy 1
step 16530, trainig accuracy 1
step 16531, trainig accuracy 1
step 16536, trainig accuracy 1
step 16537, trainig accuracy 1
step 16538, trainig accuracy 1
step 16539, trainig accuracy 1
step 16640, trainig accuracy 1
step 16641, trainig accuracy 1
step 16642, trainig accuracy 1
step 16643, trainig accuracy 1
step 16648, trainig accuracy 1
step 16649, trainig accuracy 1
step 16650, trainig accuracy 1
step 16651, trainig accuracy 1
step 16656, trainig accuracy 1
step 16657, trainig accuracy 1
step 16658, trainig accuracy 1
step 16659, trainig accuracy 1
step 16664, trainig accuracy 1
step 16665, trainig accuracy 1
step 16666, trainig accuracy 1
step 16667, trainig accuracy 1
step 16768, trainig accuracy 0.98
step 16769, trainig accuracy 1
step 16770, trainig accuracy 1
step 16771, trainig accuracy 1
step 16776, trainig accuracy 1
step 16777, trainig accuracy 1
step 16778, trainig accuracy 1
step 16779, trainig accuracy 1
step 16784, trainig accuracy 1
step 16785, trainig accuracy 1
step 16786, trainig accuracy 1
step 16787, trainig accuracy 1
step 16792, trainig accuracy 1
step 16793, trainig accuracy 1
step 16794, trainig accuracy 1
step 16795, trainig accuracy 1
step 16896, trainig accuracy 1
step 16897, trainig accuracy 1
step 16898, trainig accuracy 0.98
step 16899, trainig accuracy 1
step 16904, trainig accuracy 1
step 16905, trainig accuracy 1
step 16906, trainig accuracy 1
step 16907, trainig accuracy 1
step 16912, trainig accuracy 1
step 16913, trainig accuracy 1
step 16914, trainig accuracy 1
step 16915, trainig accuracy 1
step 16920, trainig accuracy 1
step 16921, trainig accuracy 1
step 16922, trainig accuracy 1
step 16923, trainig accuracy 1
step 17024, trainig accuracy 1
step 17025, trainig accuracy 0.98
step 17026, trainig accuracy 1
step 17027, trainig accuracy 1
step 17032, trainig accuracy 1
step 17033, trainig accuracy 1
step 17034, trainig accuracy 1
step 17035, trainig accuracy 1
step 17040, trainig accuracy 1
step 17041, trainig accuracy 1
step 17042, trainig accuracy 1
step 17043, trainig accuracy 1
step 17048, trainig accuracy 1
step 17049, trainig accuracy 0.98
step 17050, trainig accuracy 0.98
step 17051, trainig accuracy 1
step 17152, trainig accuracy 1
step 17153, trainig accuracy 1
step 17154, trainig accuracy 1
step 17155, trainig accuracy 1
step 17160, trainig accuracy 1
step 17161, trainig accuracy 1
step 17162, trainig accuracy 1
step 17163, trainig accuracy 1
step 17168, trainig accuracy 1
step 17169, trainig accuracy 1
step 17170, trainig accuracy 1
step 17171, trainig accuracy 1
step 17176, trainig accuracy 1
step 17177, trainig accuracy 0.98
step 17178, trainig accuracy 1
step 17179, trainig accuracy 1
step 17280, trainig accuracy 0.98
step 17281, trainig accuracy 1
step 17282, trainig accuracy 1
step 17283, trainig accuracy 1
step 17288, trainig accuracy 1
step 17289, trainig accuracy 1
step 17290, trainig accuracy 1
step 17291, trainig accuracy 1
step 17296, trainig accuracy 1
step 17297, trainig accuracy 0.98
step 17298, trainig accuracy 1
step 17299, trainig accuracy 1
step 17304, trainig accuracy 1
step 17305, trainig accuracy 1
step 17306, trainig accuracy 1
step 17307, trainig accuracy 1
step 17408, trainig accuracy 1
step 17409, trainig accuracy 1
step 17410, trainig accuracy 1
step 17411, trainig accuracy 1
step 17416, trainig accuracy 1
step 17417, trainig accuracy 1
step 17418, trainig accuracy 1
step 17419, trainig accuracy 1
step 17424, trainig accuracy 1
step 17425, trainig accuracy 1
step 17426, trainig accuracy 1
step 17427, trainig accuracy 1
step 17432, trainig accuracy 1
step 17433, trainig accuracy 1
step 17434, trainig accuracy 1
step 17435, trainig accuracy 0.98
step 17536, trainig accuracy 1
step 17537, trainig accuracy 1
step 17538, trainig accuracy 1
step 17539, trainig accuracy 1
step 17544, trainig accuracy 1
step 17545, trainig accuracy 1
step 17546, trainig accuracy 0.98
step 17547, trainig accuracy 1
step 17552, trainig accuracy 1
step 17553, trainig accuracy 1
step 17554, trainig accuracy 1
step 17555, trainig accuracy 1
step 17560, trainig accuracy 1
step 17561, trainig accuracy 1
step 17562, trainig accuracy 1
step 17563, trainig accuracy 1
step 17664, trainig accuracy 1
step 17665, trainig accuracy 1
step 17666, trainig accuracy 1
step 17667, trainig accuracy 1
step 17672, trainig accuracy 1
step 17673, trainig accuracy 1
step 17674, trainig accuracy 1
step 17675, trainig accuracy 1
step 17680, trainig accuracy 1
step 17681, trainig accuracy 1
step 17682, trainig accuracy 1
step 17683, trainig accuracy 1
step 17688, trainig accuracy 1
step 17689, trainig accuracy 1
step 17690, trainig accuracy 1
step 17691, trainig accuracy 1
step 17792, trainig accuracy 1
step 17793, trainig accuracy 1
step 17794, trainig accuracy 1
step 17795, trainig accuracy 1
step 17800, trainig accuracy 1
step 17801, trainig accuracy 1
step 17802, trainig accuracy 1
step 17803, trainig accuracy 1
step 17808, trainig accuracy 1
step 17809, trainig accuracy 1
step 17810, trainig accuracy 1
step 17811, trainig accuracy 1
step 17816, trainig accuracy 1
step 17817, trainig accuracy 1
step 17818, trainig accuracy 1
step 17819, trainig accuracy 1
step 17920, trainig accuracy 1
step 17921, trainig accuracy 1
step 17922, trainig accuracy 1
step 17923, trainig accuracy 1
step 17928, trainig accuracy 1
step 17929, trainig accuracy 1
step 17930, trainig accuracy 1
step 17931, trainig accuracy 1
step 17936, trainig accuracy 1
step 17937, trainig accuracy 1
step 17938, trainig accuracy 1
step 17939, trainig accuracy 1
step 17944, trainig accuracy 1
step 17945, trainig accuracy 1
step 17946, trainig accuracy 1
step 17947, trainig accuracy 1
step 18048, trainig accuracy 1
step 18049, trainig accuracy 1
step 18050, trainig accuracy 1
step 18051, trainig accuracy 0.98
step 18056, trainig accuracy 1
step 18057, trainig accuracy 1
step 18058, trainig accuracy 1
step 18059, trainig accuracy 1
step 18064, trainig accuracy 1
step 18065, trainig accuracy 1
step 18066, trainig accuracy 1
step 18067, trainig accuracy 1
step 18072, trainig accuracy 1
step 18073, trainig accuracy 1
step 18074, trainig accuracy 1
step 18075, trainig accuracy 1
step 18176, trainig accuracy 0.98
step 18177, trainig accuracy 1
step 18178, trainig accuracy 1
step 18179, trainig accuracy 1
step 18184, trainig accuracy 1
step 18185, trainig accuracy 1
step 18186, trainig accuracy 1
step 18187, trainig accuracy 1
step 18192, trainig accuracy 1
step 18193, trainig accuracy 1
step 18194, trainig accuracy 1
step 18195, trainig accuracy 1
step 18200, trainig accuracy 1
step 18201, trainig accuracy 1
step 18202, trainig accuracy 1
step 18203, trainig accuracy 1
step 18304, trainig accuracy 1
step 18305, trainig accuracy 1
step 18306, trainig accuracy 1
step 18307, trainig accuracy 1
step 18312, trainig accuracy 1
step 18313, trainig accuracy 1
step 18314, trainig accuracy 1
step 18315, trainig accuracy 1
step 18320, trainig accuracy 1
step 18321, trainig accuracy 1
step 18322, trainig accuracy 1
step 18323, trainig accuracy 1
step 18328, trainig accuracy 1
step 18329, trainig accuracy 1
step 18330, trainig accuracy 1
step 18331, trainig accuracy 1
step 18432, trainig accuracy 1
step 18433, trainig accuracy 1
step 18434, trainig accuracy 1
step 18435, trainig accuracy 1
step 18440, trainig accuracy 1
step 18441, trainig accuracy 1
step 18442, trainig accuracy 1
step 18443, trainig accuracy 1
step 18448, trainig accuracy 1
step 18449, trainig accuracy 1
step 18450, trainig accuracy 1
step 18451, trainig accuracy 1
step 18456, trainig accuracy 1
step 18457, trainig accuracy 1
step 18458, trainig accuracy 1
step 18459, trainig accuracy 1
step 18560, trainig accuracy 1
step 18561, trainig accuracy 1
step 18562, trainig accuracy 1
step 18563, trainig accuracy 1
step 18568, trainig accuracy 1
step 18569, trainig accuracy 1
step 18570, trainig accuracy 1
step 18571, trainig accuracy 1
step 18576, trainig accuracy 1
step 18577, trainig accuracy 1
step 18578, trainig accuracy 1
step 18579, trainig accuracy 1
step 18584, trainig accuracy 1
step 18585, trainig accuracy 1
step 18586, trainig accuracy 1
step 18587, trainig accuracy 1
step 18688, trainig accuracy 1
step 18689, trainig accuracy 1
step 18690, trainig accuracy 1
step 18691, trainig accuracy 1
step 18696, trainig accuracy 1
step 18697, trainig accuracy 1
step 18698, trainig accuracy 1
step 18699, trainig accuracy 1
step 18704, trainig accuracy 1
step 18705, trainig accuracy 1
step 18706, trainig accuracy 1
step 18707, trainig accuracy 1
step 18712, trainig accuracy 1
step 18713, trainig accuracy 1
step 18714, trainig accuracy 1
step 18715, trainig accuracy 1
step 18816, trainig accuracy 1
step 18817, trainig accuracy 1
step 18818, trainig accuracy 1
step 18819, trainig accuracy 1
step 18824, trainig accuracy 1
step 18825, trainig accuracy 1
step 18826, trainig accuracy 1
step 18827, trainig accuracy 1
step 18832, trainig accuracy 1
step 18833, trainig accuracy 1
step 18834, trainig accuracy 1
step 18835, trainig accuracy 1
step 18840, trainig accuracy 1
step 18841, trainig accuracy 1
step 18842, trainig accuracy 1
step 18843, trainig accuracy 1
step 18944, trainig accuracy 1
step 18945, trainig accuracy 0.98
step 18946, trainig accuracy 1
step 18947, trainig accuracy 1
step 18952, trainig accuracy 1
step 18953, trainig accuracy 1
step 18954, trainig accuracy 1
step 18955, trainig accuracy 1
step 18960, trainig accuracy 1
step 18961, trainig accuracy 1
step 18962, trainig accuracy 1
step 18963, trainig accuracy 1
step 18968, trainig accuracy 1
step 18969, trainig accuracy 1
step 18970, trainig accuracy 1
step 18971, trainig accuracy 1
step 19072, trainig accuracy 1
step 19073, trainig accuracy 1
step 19074, trainig accuracy 1
step 19075, trainig accuracy 1
step 19080, trainig accuracy 1
step 19081, trainig accuracy 1
step 19082, trainig accuracy 1
step 19083, trainig accuracy 1
step 19088, trainig accuracy 1
step 19089, trainig accuracy 1
step 19090, trainig accuracy 1
step 19091, trainig accuracy 1
step 19096, trainig accuracy 1
step 19097, trainig accuracy 1
step 19098, trainig accuracy 1
step 19099, trainig accuracy 1
step 19200, trainig accuracy 1
step 19201, trainig accuracy 1
step 19202, trainig accuracy 1
step 19203, trainig accuracy 1
step 19208, trainig accuracy 1
step 19209, trainig accuracy 1
step 19210, trainig accuracy 1
step 19211, trainig accuracy 1
step 19216, trainig accuracy 1
step 19217, trainig accuracy 1
step 19218, trainig accuracy 1
step 19219, trainig accuracy 1
step 19224, trainig accuracy 1
step 19225, trainig accuracy 1
step 19226, trainig accuracy 1
step 19227, trainig accuracy 1
step 19328, trainig accuracy 1
step 19329, trainig accuracy 1
step 19330, trainig accuracy 1
step 19331, trainig accuracy 1
step 19336, trainig accuracy 1
step 19337, trainig accuracy 1
step 19338, trainig accuracy 1
step 19339, trainig accuracy 1
step 19344, trainig accuracy 1
step 19345, trainig accuracy 1
step 19346, trainig accuracy 1
step 19347, trainig accuracy 1
step 19352, trainig accuracy 1
step 19353, trainig accuracy 1
step 19354, trainig accuracy 1
step 19355, trainig accuracy 1
step 19456, trainig accuracy 1
step 19457, trainig accuracy 1
step 19458, trainig accuracy 1
step 19459, trainig accuracy 1
step 19464, trainig accuracy 1
step 19465, trainig accuracy 1
step 19466, trainig accuracy 1
step 19467, trainig accuracy 1
step 19472, trainig accuracy 1
step 19473, trainig accuracy 1
step 19474, trainig accuracy 1
step 19475, trainig accuracy 1
step 19480, trainig accuracy 1
step 19481, trainig accuracy 1
step 19482, trainig accuracy 1
step 19483, trainig accuracy 1
step 19584, trainig accuracy 1
step 19585, trainig accuracy 1
step 19586, trainig accuracy 1
step 19587, trainig accuracy 0.98
step 19592, trainig accuracy 1
step 19593, trainig accuracy 1
step 19594, trainig accuracy 1
step 19595, trainig accuracy 1
step 19600, trainig accuracy 1
step 19601, trainig accuracy 1
step 19602, trainig accuracy 1
step 19603, trainig accuracy 1
step 19608, trainig accuracy 1
step 19609, trainig accuracy 1
step 19610, trainig accuracy 1
step 19611, trainig accuracy 1
step 19712, trainig accuracy 1
step 19713, trainig accuracy 1
step 19714, trainig accuracy 1
step 19715, trainig accuracy 1
step 19720, trainig accuracy 1
step 19721, trainig accuracy 1
step 19722, trainig accuracy 1
step 19723, trainig accuracy 1
step 19728, trainig accuracy 1
step 19729, trainig accuracy 0.98
step 19730, trainig accuracy 1
step 19731, trainig accuracy 1
step 19736, trainig accuracy 1
step 19737, trainig accuracy 1
step 19738, trainig accuracy 1
step 19739, trainig accuracy 1
step 19840, trainig accuracy 1
step 19841, trainig accuracy 1
step 19842, trainig accuracy 1
step 19843, trainig accuracy 1
step 19848, trainig accuracy 1
step 19849, trainig accuracy 1
step 19850, trainig accuracy 1
step 19851, trainig accuracy 1
step 19856, trainig accuracy 1
step 19857, trainig accuracy 1
step 19858, trainig accuracy 1
step 19859, trainig accuracy 1
step 19864, trainig accuracy 1
step 19865, trainig accuracy 0.98
step 19866, trainig accuracy 1
step 19867, trainig accuracy 1
step 19968, trainig accuracy 1
step 19969, trainig accuracy 1
step 19970, trainig accuracy 1
step 19971, trainig accuracy 1
step 19976, trainig accuracy 1
step 19977, trainig accuracy 0.98
step 19978, trainig accuracy 1
step 19979, trainig accuracy 1
step 19984, trainig accuracy 1
step 19985, trainig accuracy 1
step 19986, trainig accuracy 1
step 19987, trainig accuracy 1
step 19992, trainig accuracy 1
step 19993, trainig accuracy 1
step 19994, trainig accuracy 1
step 19995, trainig accuracy 1
0.9907001
